
                         MODELLER 9.23, 2019/10/22, r11522

     PROTEIN STRUCTURE MODELLING BY SATISFACTION OF SPATIAL RESTRAINTS


                     Copyright(c) 1989-2019 Andrej Sali
                            All Rights Reserved

                             Written by A. Sali
                               with help from
              B. Webb, M.S. Madhusudhan, M-Y. Shen, G.Q. Dong,
          M.A. Marti-Renom, N. Eswar, F. Alber, M. Topf, B. Oliva,
             A. Fiser, R. Sanchez, B. Yerkovich, A. Badretdinov,
                     F. Melo, J.P. Overington, E. Feyfant
                 University of California, San Francisco, USA
                    Rockefeller University, New York, USA
                      Harvard University, Cambridge, USA
                   Imperial Cancer Research Fund, London, UK
              Birkbeck College, University of London, London, UK


Kind, OS, HostName, Kernel, Processor: 4, Windows Vista build 9200, LAPTOP-V7H0QFCP, SMP, unknown
Date and time of compilation         : 2019/10/22 14:51:24
MODELLER executable type             : x86_64-w64
Job starting time (YY/MM/DD HH:MM:SS): 2020/03/15 10:36:08

read_to_681_> topology.submodel read from topology file:        3
pdbnam_____E> Filename for PDB code not found: ../atom_files/1fdx.B99990001.pdb
              Directories: 
              Extensions : ;.atm;.pdb;.ent;.cif;.crd
              (Also tried prepending 'pdb', looking for .Z, .gz, .bz2, .7z, .xz,
              and trying PDB-style subdirectories - e.g. ab for pdb1abc.ent)

